Started GET "/" for 127.0.0.1 at 2021-11-14 19:03:16 +0530
  [1m[35m (0.7ms)[0m  [1m[34mSELECT `schema_migrations`.`version` FROM `schema_migrations` ORDER BY `schema_migrations`.`version` ASC[0m
Processing by Rails::WelcomeController#index as HTML
  Rendering C:/Ruby26-x64/lib/ruby/gems/2.6.0/gems/railties-6.1.4.1/lib/rails/templates/rails/welcome/index.html.erb
  Rendered C:/Ruby26-x64/lib/ruby/gems/2.6.0/gems/railties-6.1.4.1/lib/rails/templates/rails/welcome/index.html.erb (Duration: 15.4ms | Allocations: 478)
Completed 200 OK in 90ms (Views: 37.5ms | ActiveRecord: 0.0ms | Allocations: 4257)


Started GET "/favicon.ico" for 127.0.0.1 at 2021-11-14 19:03:17 +0530
  
ActionController::RoutingError (No route matches [GET] "/favicon.ico"):
  
  [1m[35m (20.3ms)[0m  [1m[35mCREATE TABLE `schema_migrations` (`version` varchar(255) NOT NULL PRIMARY KEY)[0m
  [1m[35m (33.9ms)[0m  [1m[35mCREATE TABLE `ar_internal_metadata` (`key` varchar(255) NOT NULL PRIMARY KEY, `value` varchar(255), `created_at` datetime(6) NOT NULL, `updated_at` datetime(6) NOT NULL)[0m
  [1m[35m (0.5ms)[0m  [1m[34mSELECT GET_LOCK('5563979726711371980', 0)[0m
  [1m[35m (0.6ms)[0m  [1m[34mSELECT `schema_migrations`.`version` FROM `schema_migrations` ORDER BY `schema_migrations`.`version` ASC[0m
Migrating to CreateBooks (20211114133418)
  [1m[35m (39.4ms)[0m  [1m[35mCREATE TABLE `books` (`id` bigint NOT NULL AUTO_INCREMENT PRIMARY KEY, `title` varchar(255), `author` varchar(255), `publisher` varchar(255), `year` int)[0m
  [1m[36mTRANSACTION (0.6ms)[0m  [1m[35mBEGIN[0m
  [1m[36mActiveRecord::SchemaMigration Create (0.9ms)[0m  [1m[32mINSERT INTO `schema_migrations` (`version`) VALUES ('20211114133418')[0m
  [1m[36mTRANSACTION (1.8ms)[0m  [1m[35mCOMMIT[0m
  [1m[36mActiveRecord::InternalMetadata Load (0.8ms)[0m  [1m[34mSELECT `ar_internal_metadata`.* FROM `ar_internal_metadata` WHERE `ar_internal_metadata`.`key` = 'environment' LIMIT 1[0m
  [1m[36mTRANSACTION (0.4ms)[0m  [1m[35mBEGIN[0m
  [1m[36mActiveRecord::InternalMetadata Create (0.8ms)[0m  [1m[32mINSERT INTO `ar_internal_metadata` (`key`, `value`, `created_at`, `updated_at`) VALUES ('environment', 'development', '2021-11-14 13:35:57.394347', '2021-11-14 13:35:57.394347')[0m
  [1m[36mTRANSACTION (2.2ms)[0m  [1m[35mCOMMIT[0m
  [1m[35m (1.1ms)[0m  [1m[34mSELECT RELEASE_LOCK('5563979726711371980')[0m
  [1m[35m (0.5ms)[0m  [1m[34mSELECT `schema_migrations`.`version` FROM `schema_migrations` ORDER BY `schema_migrations`.`version` ASC[0m
  [1m[35m (0.7ms)[0m  [1m[34mSELECT `schema_migrations`.`version` FROM `schema_migrations` ORDER BY `schema_migrations`.`version` ASC[0m
  [1m[36mTRANSACTION (0.6ms)[0m  [1m[35mBEGIN[0m
  [1m[36mBook Create (3.6ms)[0m  [1m[32mINSERT INTO `books` (`title`, `author`, `publisher`, `year`) VALUES ('A Time of Gifts', 'Lauran D\'Amore', 'Ladybird Books', 2006)[0m
  [1m[36mTRANSACTION (2.7ms)[0m  [1m[35mCOMMIT[0m
  [1m[36mTRANSACTION (0.5ms)[0m  [1m[35mBEGIN[0m
  [1m[36mBook Create (1.1ms)[0m  [1m[32mINSERT INTO `books` (`title`, `author`, `publisher`, `year`) VALUES ('Have His Carcase', 'Sherman Schamberger', 'Cambridge University Press', 2001)[0m
  [1m[36mTRANSACTION (2.1ms)[0m  [1m[35mCOMMIT[0m
  [1m[36mTRANSACTION (0.6ms)[0m  [1m[35mBEGIN[0m
  [1m[36mBook Create (1.3ms)[0m  [1m[32mINSERT INTO `books` (`title`, `author`, `publisher`, `year`) VALUES ('What\'s Become of Waring', 'The Hon. Maria Pfeffer', 'Viking Press', 1983)[0m
  [1m[36mTRANSACTION (2.4ms)[0m  [1m[35mCOMMIT[0m
  [1m[36mTRANSACTION (0.5ms)[0m  [1m[35mBEGIN[0m
  [1m[36mBook Create (1.0ms)[0m  [1m[32mINSERT INTO `books` (`title`, `author`, `publisher`, `year`) VALUES ('The Violent Bear It Away', 'Wally Emard DDS', 'Gaspereau Press', 2018)[0m
  [1m[36mTRANSACTION (2.7ms)[0m  [1m[35mCOMMIT[0m
  [1m[36mTRANSACTION (0.5ms)[0m  [1m[35mBEGIN[0m
  [1m[36mBook Create (1.5ms)[0m  [1m[32mINSERT INTO `books` (`title`, `author`, `publisher`, `year`) VALUES ('Arms and the Man', 'Bryanna Herman PhD', 'Medknow Publications', 1982)[0m
  [1m[36mTRANSACTION (2.1ms)[0m  [1m[35mCOMMIT[0m
  [1m[36mTRANSACTION (1.9ms)[0m  [1m[35mBEGIN[0m
  [1m[36mBook Create (1.6ms)[0m  [1m[32mINSERT INTO `books` (`title`, `author`, `publisher`, `year`) VALUES ('Postern of Fate', 'Leland Bechtelar Esq.', 'Carcanet Press', 1988)[0m
  [1m[36mTRANSACTION (2.3ms)[0m  [1m[35mCOMMIT[0m
  [1m[36mTRANSACTION (0.6ms)[0m  [1m[35mBEGIN[0m
  [1m[36mBook Create (1.6ms)[0m  [1m[32mINSERT INTO `books` (`title`, `author`, `publisher`, `year`) VALUES ('O Pioneers!', 'Marion Hermiston', 'Parachute Publishing', 1980)[0m
  [1m[36mTRANSACTION (2.0ms)[0m  [1m[35mCOMMIT[0m
  [1m[36mTRANSACTION (0.4ms)[0m  [1m[35mBEGIN[0m
  [1m[36mBook Create (0.8ms)[0m  [1m[32mINSERT INTO `books` (`title`, `author`, `publisher`, `year`) VALUES ('Waiting for the Barbarians', 'Jim Ernser', 'Ladybird Books', 2019)[0m
  [1m[36mTRANSACTION (2.0ms)[0m  [1m[35mCOMMIT[0m
  [1m[36mTRANSACTION (0.4ms)[0m  [1m[35mBEGIN[0m
  [1m[36mBook Create (1.4ms)[0m  [1m[32mINSERT INTO `books` (`title`, `author`, `publisher`, `year`) VALUES ('The Mermaids Singing', 'Sen. Tori Kub', 'Medknow Publications', 1988)[0m
  [1m[36mTRANSACTION (2.1ms)[0m  [1m[35mCOMMIT[0m
  [1m[36mTRANSACTION (0.3ms)[0m  [1m[35mBEGIN[0m
  [1m[36mBook Create (1.3ms)[0m  [1m[32mINSERT INTO `books` (`title`, `author`, `publisher`, `year`) VALUES ('The Torment of Others', 'Kymberly Davis DDS', 'University of Chicago Press', 2013)[0m
  [1m[36mTRANSACTION (2.1ms)[0m  [1m[35mCOMMIT[0m
  [1m[36mTRANSACTION (0.4ms)[0m  [1m[35mBEGIN[0m
  [1m[36mBook Create (0.8ms)[0m  [1m[32mINSERT INTO `books` (`title`, `author`, `publisher`, `year`) VALUES ('Fame Is the Spur', 'Prof. Clementina Dietrich', 'Zondervan', 2015)[0m
  [1m[36mTRANSACTION (1.9ms)[0m  [1m[35mCOMMIT[0m
  [1m[36mTRANSACTION (0.3ms)[0m  [1m[35mBEGIN[0m
  [1m[36mBook Create (0.8ms)[0m  [1m[32mINSERT INTO `books` (`title`, `author`, `publisher`, `year`) VALUES ('Rosemary Sutcliff', 'Obdulia Fay', 'Broadview Press', 2015)[0m
  [1m[36mTRANSACTION (1.6ms)[0m  [1m[35mCOMMIT[0m
  [1m[36mTRANSACTION (0.3ms)[0m  [1m[35mBEGIN[0m
  [1m[36mBook Create (0.7ms)[0m  [1m[32mINSERT INTO `books` (`title`, `author`, `publisher`, `year`) VALUES ('Gone with the Wind', 'Brooks Wintheiser', 'Atheneum Books', 2008)[0m
  [1m[36mTRANSACTION (1.5ms)[0m  [1m[35mCOMMIT[0m
  [1m[36mTRANSACTION (0.2ms)[0m  [1m[35mBEGIN[0m
  [1m[36mBook Create (0.3ms)[0m  [1m[32mINSERT INTO `books` (`title`, `author`, `publisher`, `year`) VALUES ('The Cricket on the Hearth', 'Rachael O\'Keefe', 'Brill Publishers', 1980)[0m
  [1m[36mTRANSACTION (1.4ms)[0m  [1m[35mCOMMIT[0m
  [1m[36mTRANSACTION (0.2ms)[0m  [1m[35mBEGIN[0m
  [1m[36mBook Create (0.4ms)[0m  [1m[32mINSERT INTO `books` (`title`, `author`, `publisher`, `year`) VALUES ('Fair Stood the Wind for France', 'Forest Metz', 'Candlewick Press', 1994)[0m
  [1m[36mTRANSACTION (1.4ms)[0m  [1m[35mCOMMIT[0m
Started GET "/api/v1/library/3" for ::1 at 2021-11-14 19:18:49 +0530
  [1m[35m (0.7ms)[0m  [1m[34mSELECT `schema_migrations`.`version` FROM `schema_migrations` ORDER BY `schema_migrations`.`version` ASC[0m
  
ActionController::RoutingError (uninitialized constant Api::V1::LibraryController):
  
Started GET "/api/v1/library/3" for ::1 at 2021-11-14 19:19:28 +0530
  
ActionController::RoutingError (uninitialized constant Api::V1::LibraryController):
  
Started GET "/api/v1/library/" for ::1 at 2021-11-14 19:23:30 +0530
  
ActionController::RoutingError (uninitialized constant Api::V1::LibraryController):
  
Started GET "/api/v1/library/" for ::1 at 2021-11-14 19:25:15 +0530
  
ActionController::RoutingError (uninitialized constant Api::V1::LibraryController):
  
Started GET "/api/v1/library/" for ::1 at 2021-11-14 19:26:41 +0530
  
ActionController::RoutingError (uninitialized constant Api::V1::LibraryController):
  
Started GET "/api/v1/library/" for ::1 at 2021-11-14 19:29:53 +0530
  
SyntaxError (G:/NITC/S7/WebP/Ruby On Rails/library/app/controllers/api/v1/library_controller.rb:5: dynamic constant assignment
                Books = Book.order('id ASC');
                ^~~~~
G:/NITC/S7/WebP/Ruby On Rails/library/app/controllers/api/v1/library_controller.rb:9: dynamic constant assignment
                Book = Book.find(params[:id])
                ^~~~
G:/NITC/S7/WebP/Ruby On Rails/library/app/controllers/api/v1/library_controller.rb:13: dynamic constant assignment
                Book = Book.new(Book_params)
                ^~~~
G:/NITC/S7/WebP/Ruby On Rails/library/app/controllers/api/v1/library_controller.rb:21: dynamic constant assignment
                Book = Book.find(params[:id])
                ^~~~
G:/NITC/S7/WebP/Ruby On Rails/library/app/controllers/api/v1/library_controller.rb:27: dynamic constant assignment
               Book = Book.find(params[:id])
               ^~~~):
  
app/controllers/api/v1/library_controller.rb:5: dynamic constant assignment
app/controllers/api/v1/library_controller.rb:9: dynamic constant assignment
app/controllers/api/v1/library_controller.rb:13: dynamic constant assignment
app/controllers/api/v1/library_controller.rb:21: dynamic constant assignment
app/controllers/api/v1/library_controller.rb:27: dynamic constant assignment
app/controllers/api/v1/library_controller.rb:5: dynamic constant assignment
app/controllers/api/v1/library_controller.rb:9: dynamic constant assignment
app/controllers/api/v1/library_controller.rb:13: dynamic constant assignment
app/controllers/api/v1/library_controller.rb:21: dynamic constant assignment
app/controllers/api/v1/library_controller.rb:27: dynamic constant assignment
Started GET "/api/v1/library/" for ::1 at 2021-11-14 19:31:20 +0530
Processing by Api::V1::LibraryController#index as */*
  [1m[36mBook Load (1.1ms)[0m  [1m[34mSELECT `books`.* FROM `books` ORDER BY id ASC[0m
  ↳ app/controllers/api/v1/library_controller.rb:6:in `index'
Completed 200 OK in 65ms (Views: 31.7ms | ActiveRecord: 21.7ms | Allocations: 6682)


Started GET "/api/v1/library/12" for ::1 at 2021-11-14 19:32:30 +0530
Processing by Api::V1::LibraryController#show as */*
  Parameters: {"id"=>"12"}
  [1m[36mBook Load (1.0ms)[0m  [1m[34mSELECT `books`.* FROM `books` WHERE `books`.`id` = 12 LIMIT 1[0m
  ↳ app/controllers/api/v1/library_controller.rb:9:in `show'
Completed 200 OK in 107ms (Views: 0.7ms | ActiveRecord: 1.0ms | Allocations: 2123)


Started POST "/api/v1/library" for ::1 at 2021-11-14 19:33:42 +0530
Processing by Api::V1::LibraryController#create as */*
  Parameters: {"title"=>"Web Programming", "author"=>"Suvidha KS", "publisher"=>"NITC", "year"=>"2021", "library"=>{"title"=>"Web Programming", "author"=>"Suvidha KS", "publisher"=>"NITC", "year"=>"2021"}}
Completed 500 Internal Server Error in 8ms (ActiveRecord: 0.0ms | Allocations: 1480)


  
NameError (uninitialized constant Api::V1::LibraryController::Book_params):
  
app/controllers/api/v1/library_controller.rb:13:in `create'
Started POST "/api/v1/library" for ::1 at 2021-11-14 19:34:52 +0530
Processing by Api::V1::LibraryController#create as */*
  Parameters: {"title"=>"Web Programming", "author"=>"Suvidha KS", "publisher"=>"NITC", "year"=>"2021", "library"=>{"title"=>"Web Programming", "author"=>"Suvidha KS", "publisher"=>"NITC", "year"=>"2021"}}
[31mUnpermitted parameter: :library[0m
  [1m[36mTRANSACTION (0.5ms)[0m  [1m[35mBEGIN[0m
  ↳ app/controllers/api/v1/library_controller.rb:14:in `create'
  [1m[36mBook Create (2.1ms)[0m  [1m[32mINSERT INTO `books` (`title`, `author`, `publisher`, `year`) VALUES ('Web Programming', 'Suvidha KS', 'NITC', 2021)[0m
  ↳ app/controllers/api/v1/library_controller.rb:14:in `create'
  [1m[36mTRANSACTION (2.4ms)[0m  [1m[35mCOMMIT[0m
  ↳ app/controllers/api/v1/library_controller.rb:14:in `create'
Completed 200 OK in 97ms (Views: 1.0ms | ActiveRecord: 41.9ms | Allocations: 5351)


Started GET "/api/v1/library/16" for ::1 at 2021-11-14 19:35:34 +0530
Processing by Api::V1::LibraryController#show as */*
  Parameters: {"id"=>"16"}
  [1m[36mBook Load (0.7ms)[0m  [1m[34mSELECT `books`.* FROM `books` WHERE `books`.`id` = 16 LIMIT 1[0m
  ↳ app/controllers/api/v1/library_controller.rb:9:in `show'
Completed 200 OK in 9ms (Views: 0.7ms | ActiveRecord: 0.7ms | Allocations: 813)


Started DELETE "/api/v1/articles/16" for ::1 at 2021-11-14 19:35:40 +0530
  
ActionController::RoutingError (No route matches [DELETE] "/api/v1/articles/16"):
  
Started DELETE "/api/v1/library/16" for ::1 at 2021-11-14 19:36:06 +0530
Processing by Api::V1::LibraryController#destroy as */*
  Parameters: {"id"=>"16"}
  [1m[36mBook Load (0.8ms)[0m  [1m[34mSELECT `books`.* FROM `books` WHERE `books`.`id` = 16 LIMIT 1[0m
  ↳ app/controllers/api/v1/library_controller.rb:21:in `destroy'
  [1m[36mTRANSACTION (0.6ms)[0m  [1m[35mBEGIN[0m
  ↳ app/controllers/api/v1/library_controller.rb:22:in `destroy'
  [1m[36mBook Destroy (6.1ms)[0m  [1m[31mDELETE FROM `books` WHERE `books`.`id` = 16[0m
  ↳ app/controllers/api/v1/library_controller.rb:22:in `destroy'
  [1m[36mTRANSACTION (2.4ms)[0m  [1m[35mCOMMIT[0m
  ↳ app/controllers/api/v1/library_controller.rb:22:in `destroy'
Completed 200 OK in 33ms (Views: 0.9ms | ActiveRecord: 9.8ms | Allocations: 2124)


Started PUT "/api/v1/library/5" for ::1 at 2021-11-14 19:36:50 +0530
Processing by Api::V1::LibraryController#update as */*
  Parameters: {"year"=>"1994", "id"=>"5", "library"=>{"year"=>"1994"}}
  [1m[36mBook Load (0.6ms)[0m  [1m[34mSELECT `books`.* FROM `books` WHERE `books`.`id` = 5 LIMIT 1[0m
  ↳ app/controllers/api/v1/library_controller.rb:27:in `update'
[31mUnpermitted parameters: :id, :library[0m
  [1m[36mTRANSACTION (0.5ms)[0m  [1m[35mBEGIN[0m
  ↳ app/controllers/api/v1/library_controller.rb:28:in `update'
  [1m[36mBook Update (2.2ms)[0m  [1m[33mUPDATE `books` SET `books`.`year` = 1994 WHERE `books`.`id` = 5[0m
  ↳ app/controllers/api/v1/library_controller.rb:28:in `update'
  [1m[36mTRANSACTION (2.0ms)[0m  [1m[35mCOMMIT[0m
  ↳ app/controllers/api/v1/library_controller.rb:28:in `update'
Completed 200 OK in 24ms (Views: 0.5ms | ActiveRecord: 5.3ms | Allocations: 2487)


Started GET "/api/v1/articles" for ::1 at 2021-11-14 19:38:20 +0530
  
ActionController::RoutingError (No route matches [GET] "/api/v1/articles"):
  
Started GET "/api/v1/library" for ::1 at 2021-11-14 19:38:36 +0530
Processing by Api::V1::LibraryController#index as HTML
  [1m[36mBook Load (0.4ms)[0m  [1m[34mSELECT `books`.* FROM `books` ORDER BY id ASC[0m
  ↳ app/controllers/api/v1/library_controller.rb:6:in `index'
Completed 200 OK in 6ms (Views: 4.1ms | ActiveRecord: 0.4ms | Allocations: 1839)


Started GET "/" for ::1 at 2021-11-15 21:21:14 +0530
  
ActiveRecord::NoDatabaseError (Unknown database 'library'):
  
activerecord (6.1.4.1) lib/active_record/connection_adapters/mysql2_adapter.rb:43:in `rescue in new_client'
activerecord (6.1.4.1) lib/active_record/connection_adapters/mysql2_adapter.rb:39:in `new_client'
activerecord (6.1.4.1) lib/active_record/connection_adapters/mysql2_adapter.rb:23:in `mysql2_connection'
activerecord (6.1.4.1) lib/active_record/connection_adapters/abstract/connection_pool.rb:882:in `public_send'
activerecord (6.1.4.1) lib/active_record/connection_adapters/abstract/connection_pool.rb:882:in `new_connection'
activerecord (6.1.4.1) lib/active_record/connection_adapters/abstract/connection_pool.rb:926:in `checkout_new_connection'
activerecord (6.1.4.1) lib/active_record/connection_adapters/abstract/connection_pool.rb:905:in `try_to_checkout_new_connection'
activerecord (6.1.4.1) lib/active_record/connection_adapters/abstract/connection_pool.rb:866:in `acquire_connection'
activerecord (6.1.4.1) lib/active_record/connection_adapters/abstract/connection_pool.rb:588:in `checkout'
activerecord (6.1.4.1) lib/active_record/connection_adapters/abstract/connection_pool.rb:428:in `connection'
activerecord (6.1.4.1) lib/active_record/connection_adapters/abstract/connection_pool.rb:1128:in `retrieve_connection'
activerecord (6.1.4.1) lib/active_record/connection_handling.rb:327:in `retrieve_connection'
activerecord (6.1.4.1) lib/active_record/connection_handling.rb:283:in `connection'
activerecord (6.1.4.1) lib/active_record/migration.rb:611:in `connection'
activerecord (6.1.4.1) lib/active_record/migration.rb:606:in `build_watcher'
activerecord (6.1.4.1) lib/active_record/migration.rb:588:in `block in call'
activerecord (6.1.4.1) lib/active_record/migration.rb:587:in `synchronize'
activerecord (6.1.4.1) lib/active_record/migration.rb:587:in `call'
actionpack (6.1.4.1) lib/action_dispatch/middleware/callbacks.rb:27:in `block in call'
activesupport (6.1.4.1) lib/active_support/callbacks.rb:98:in `run_callbacks'
actionpack (6.1.4.1) lib/action_dispatch/middleware/callbacks.rb:26:in `call'
actionpack (6.1.4.1) lib/action_dispatch/middleware/executor.rb:14:in `call'
actionpack (6.1.4.1) lib/action_dispatch/middleware/actionable_exceptions.rb:18:in `call'
actionpack (6.1.4.1) lib/action_dispatch/middleware/debug_exceptions.rb:29:in `call'
actionpack (6.1.4.1) lib/action_dispatch/middleware/show_exceptions.rb:33:in `call'
railties (6.1.4.1) lib/rails/rack/logger.rb:37:in `call_app'
railties (6.1.4.1) lib/rails/rack/logger.rb:26:in `block in call'
activesupport (6.1.4.1) lib/active_support/tagged_logging.rb:99:in `block in tagged'
activesupport (6.1.4.1) lib/active_support/tagged_logging.rb:37:in `tagged'
activesupport (6.1.4.1) lib/active_support/tagged_logging.rb:99:in `tagged'
railties (6.1.4.1) lib/rails/rack/logger.rb:26:in `call'
actionpack (6.1.4.1) lib/action_dispatch/middleware/remote_ip.rb:81:in `call'
actionpack (6.1.4.1) lib/action_dispatch/middleware/request_id.rb:26:in `call'
rack (2.2.3) lib/rack/runtime.rb:22:in `call'
activesupport (6.1.4.1) lib/active_support/cache/strategy/local_cache_middleware.rb:29:in `call'
actionpack (6.1.4.1) lib/action_dispatch/middleware/executor.rb:14:in `call'
actionpack (6.1.4.1) lib/action_dispatch/middleware/static.rb:24:in `call'
rack (2.2.3) lib/rack/sendfile.rb:110:in `call'
actionpack (6.1.4.1) lib/action_dispatch/middleware/host_authorization.rb:98:in `call'
railties (6.1.4.1) lib/rails/engine.rb:539:in `call'
puma (5.5.2) lib/puma/configuration.rb:249:in `call'
puma (5.5.2) lib/puma/request.rb:77:in `block in handle_request'
puma (5.5.2) lib/puma/thread_pool.rb:340:in `with_force_shutdown'
puma (5.5.2) lib/puma/request.rb:76:in `handle_request'
puma (5.5.2) lib/puma/server.rb:447:in `process_client'
puma (5.5.2) lib/puma/thread_pool.rb:147:in `block in spawn_thread'
Started GET "/favicon.ico" for ::1 at 2021-11-15 21:21:15 +0530
  
ActiveRecord::NoDatabaseError (Unknown database 'library'):
  
activerecord (6.1.4.1) lib/active_record/connection_adapters/mysql2_adapter.rb:43:in `rescue in new_client'
activerecord (6.1.4.1) lib/active_record/connection_adapters/mysql2_adapter.rb:39:in `new_client'
activerecord (6.1.4.1) lib/active_record/connection_adapters/mysql2_adapter.rb:23:in `mysql2_connection'
activerecord (6.1.4.1) lib/active_record/connection_adapters/abstract/connection_pool.rb:882:in `public_send'
activerecord (6.1.4.1) lib/active_record/connection_adapters/abstract/connection_pool.rb:882:in `new_connection'
activerecord (6.1.4.1) lib/active_record/connection_adapters/abstract/connection_pool.rb:926:in `checkout_new_connection'
activerecord (6.1.4.1) lib/active_record/connection_adapters/abstract/connection_pool.rb:905:in `try_to_checkout_new_connection'
activerecord (6.1.4.1) lib/active_record/connection_adapters/abstract/connection_pool.rb:866:in `acquire_connection'
activerecord (6.1.4.1) lib/active_record/connection_adapters/abstract/connection_pool.rb:588:in `checkout'
activerecord (6.1.4.1) lib/active_record/connection_adapters/abstract/connection_pool.rb:428:in `connection'
activerecord (6.1.4.1) lib/active_record/connection_adapters/abstract/connection_pool.rb:1128:in `retrieve_connection'
activerecord (6.1.4.1) lib/active_record/connection_handling.rb:327:in `retrieve_connection'
activerecord (6.1.4.1) lib/active_record/connection_handling.rb:283:in `connection'
activerecord (6.1.4.1) lib/active_record/migration.rb:611:in `connection'
activerecord (6.1.4.1) lib/active_record/migration.rb:606:in `build_watcher'
activerecord (6.1.4.1) lib/active_record/migration.rb:588:in `block in call'
activerecord (6.1.4.1) lib/active_record/migration.rb:587:in `synchronize'
activerecord (6.1.4.1) lib/active_record/migration.rb:587:in `call'
actionpack (6.1.4.1) lib/action_dispatch/middleware/callbacks.rb:27:in `block in call'
activesupport (6.1.4.1) lib/active_support/callbacks.rb:98:in `run_callbacks'
actionpack (6.1.4.1) lib/action_dispatch/middleware/callbacks.rb:26:in `call'
actionpack (6.1.4.1) lib/action_dispatch/middleware/executor.rb:14:in `call'
actionpack (6.1.4.1) lib/action_dispatch/middleware/actionable_exceptions.rb:18:in `call'
actionpack (6.1.4.1) lib/action_dispatch/middleware/debug_exceptions.rb:29:in `call'
actionpack (6.1.4.1) lib/action_dispatch/middleware/show_exceptions.rb:33:in `call'
railties (6.1.4.1) lib/rails/rack/logger.rb:37:in `call_app'
railties (6.1.4.1) lib/rails/rack/logger.rb:26:in `block in call'
activesupport (6.1.4.1) lib/active_support/tagged_logging.rb:99:in `block in tagged'
activesupport (6.1.4.1) lib/active_support/tagged_logging.rb:37:in `tagged'
activesupport (6.1.4.1) lib/active_support/tagged_logging.rb:99:in `tagged'
railties (6.1.4.1) lib/rails/rack/logger.rb:26:in `call'
actionpack (6.1.4.1) lib/action_dispatch/middleware/remote_ip.rb:81:in `call'
actionpack (6.1.4.1) lib/action_dispatch/middleware/request_id.rb:26:in `call'
rack (2.2.3) lib/rack/runtime.rb:22:in `call'
activesupport (6.1.4.1) lib/active_support/cache/strategy/local_cache_middleware.rb:29:in `call'
actionpack (6.1.4.1) lib/action_dispatch/middleware/executor.rb:14:in `call'
actionpack (6.1.4.1) lib/action_dispatch/middleware/static.rb:24:in `call'
rack (2.2.3) lib/rack/sendfile.rb:110:in `call'
actionpack (6.1.4.1) lib/action_dispatch/middleware/host_authorization.rb:98:in `call'
railties (6.1.4.1) lib/rails/engine.rb:539:in `call'
puma (5.5.2) lib/puma/configuration.rb:249:in `call'
puma (5.5.2) lib/puma/request.rb:77:in `block in handle_request'
puma (5.5.2) lib/puma/thread_pool.rb:340:in `with_force_shutdown'
puma (5.5.2) lib/puma/request.rb:76:in `handle_request'
puma (5.5.2) lib/puma/server.rb:447:in `process_client'
puma (5.5.2) lib/puma/thread_pool.rb:147:in `block in spawn_thread'
  [1m[35m (13.0ms)[0m  [1m[35mCREATE TABLE `schema_migrations` (`version` varchar(255) NOT NULL PRIMARY KEY)[0m
  [1m[35m (8.4ms)[0m  [1m[35mCREATE TABLE `ar_internal_metadata` (`key` varchar(255) NOT NULL PRIMARY KEY, `value` varchar(255), `created_at` datetime(6) NOT NULL, `updated_at` datetime(6) NOT NULL)[0m
  [1m[35m (0.5ms)[0m  [1m[34mSELECT GET_LOCK('5563979726711371980', 0)[0m
  [1m[35m (0.6ms)[0m  [1m[34mSELECT `schema_migrations`.`version` FROM `schema_migrations` ORDER BY `schema_migrations`.`version` ASC[0m
Migrating to CreateBooks (20211114133418)
  [1m[35m (17.8ms)[0m  [1m[35mCREATE TABLE `books` (`id` bigint NOT NULL AUTO_INCREMENT PRIMARY KEY, `title` varchar(255), `author` varchar(255), `publisher` varchar(255), `year` int)[0m
  [1m[36mTRANSACTION (0.6ms)[0m  [1m[35mBEGIN[0m
  [1m[36mActiveRecord::SchemaMigration Create (1.0ms)[0m  [1m[32mINSERT INTO `schema_migrations` (`version`) VALUES ('20211114133418')[0m
  [1m[36mTRANSACTION (2.7ms)[0m  [1m[35mCOMMIT[0m
  [1m[36mActiveRecord::InternalMetadata Load (1.6ms)[0m  [1m[34mSELECT `ar_internal_metadata`.* FROM `ar_internal_metadata` WHERE `ar_internal_metadata`.`key` = 'environment' LIMIT 1[0m
  [1m[36mTRANSACTION (0.3ms)[0m  [1m[35mBEGIN[0m
  [1m[36mActiveRecord::InternalMetadata Create (1.0ms)[0m  [1m[32mINSERT INTO `ar_internal_metadata` (`key`, `value`, `created_at`, `updated_at`) VALUES ('environment', 'development', '2021-11-15 16:01:48.788605', '2021-11-15 16:01:48.788605')[0m
  [1m[36mTRANSACTION (1.2ms)[0m  [1m[35mCOMMIT[0m
  [1m[35m (0.3ms)[0m  [1m[34mSELECT RELEASE_LOCK('5563979726711371980')[0m
  [1m[35m (0.3ms)[0m  [1m[34mSELECT `schema_migrations`.`version` FROM `schema_migrations` ORDER BY `schema_migrations`.`version` ASC[0m
  [1m[35m (0.3ms)[0m  [1m[34mSELECT `schema_migrations`.`version` FROM `schema_migrations` ORDER BY `schema_migrations`.`version` ASC[0m
  [1m[36mTRANSACTION (0.2ms)[0m  [1m[35mBEGIN[0m
  [1m[36mBook Create (0.5ms)[0m  [1m[32mINSERT INTO `books` (`title`, `author`, `publisher`, `year`) VALUES ('A Summer Bird-Cage', 'Mrs. Roni Abernathy', 'Darakwon Press', 2001)[0m
  [1m[36mTRANSACTION (1.2ms)[0m  [1m[35mCOMMIT[0m
  [1m[36mTRANSACTION (0.1ms)[0m  [1m[35mBEGIN[0m
  [1m[36mBook Create (0.4ms)[0m  [1m[32mINSERT INTO `books` (`title`, `author`, `publisher`, `year`) VALUES ('His Dark Materials', 'Lawerence Okuneva VM', 'Chick Publications', 1993)[0m
  [1m[36mTRANSACTION (1.2ms)[0m  [1m[35mCOMMIT[0m
  [1m[36mTRANSACTION (0.1ms)[0m  [1m[35mBEGIN[0m
  [1m[36mBook Create (0.7ms)[0m  [1m[32mINSERT INTO `books` (`title`, `author`, `publisher`, `year`) VALUES ('Paths of Glory', 'Gino Balistreri III', 'Victor Gollancz Ltd', 2013)[0m
  [1m[36mTRANSACTION (1.5ms)[0m  [1m[35mCOMMIT[0m
  [1m[36mTRANSACTION (0.2ms)[0m  [1m[35mBEGIN[0m
  [1m[36mBook Create (0.7ms)[0m  [1m[32mINSERT INTO `books` (`title`, `author`, `publisher`, `year`) VALUES ('Mother Night', 'Maye Smith', 'Berkley Books', 2000)[0m
  [1m[36mTRANSACTION (1.3ms)[0m  [1m[35mCOMMIT[0m
  [1m[36mTRANSACTION (0.1ms)[0m  [1m[35mBEGIN[0m
  [1m[36mBook Create (0.6ms)[0m  [1m[32mINSERT INTO `books` (`title`, `author`, `publisher`, `year`) VALUES ('A Many-Splendoured Thing', 'Tabatha Wolf', 'Bellevue Literary Press', 2020)[0m
  [1m[36mTRANSACTION (1.3ms)[0m  [1m[35mCOMMIT[0m
  [1m[36mTRANSACTION (0.1ms)[0m  [1m[35mBEGIN[0m
  [1m[36mBook Create (0.4ms)[0m  [1m[32mINSERT INTO `books` (`title`, `author`, `publisher`, `year`) VALUES ('The Millstone', 'Sen. Charlie Hegmann', 'Leafwood Publishers', 2018)[0m
  [1m[36mTRANSACTION (1.3ms)[0m  [1m[35mCOMMIT[0m
  [1m[36mTRANSACTION (0.2ms)[0m  [1m[35mBEGIN[0m
  [1m[36mBook Create (0.4ms)[0m  [1m[32mINSERT INTO `books` (`title`, `author`, `publisher`, `year`) VALUES ('The Torment of Others', 'Nikita Kertzmann', 'Mascot Books', 1983)[0m
  [1m[36mTRANSACTION (1.3ms)[0m  [1m[35mCOMMIT[0m
  [1m[36mTRANSACTION (0.1ms)[0m  [1m[35mBEGIN[0m
  [1m[36mBook Create (0.5ms)[0m  [1m[32mINSERT INTO `books` (`title`, `author`, `publisher`, `year`) VALUES ('To a God Unknown', 'Tillie Williamson', 'Blackstaff Press', 1991)[0m
  [1m[36mTRANSACTION (1.3ms)[0m  [1m[35mCOMMIT[0m
  [1m[36mTRANSACTION (0.1ms)[0m  [1m[35mBEGIN[0m
  [1m[36mBook Create (0.4ms)[0m  [1m[32mINSERT INTO `books` (`title`, `author`, `publisher`, `year`) VALUES ('Cover Her Face', 'Cortez Kohler', 'Horizon Scientific Press', 1989)[0m
  [1m[36mTRANSACTION (1.3ms)[0m  [1m[35mCOMMIT[0m
  [1m[36mTRANSACTION (0.1ms)[0m  [1m[35mBEGIN[0m
  [1m[36mBook Create (0.4ms)[0m  [1m[32mINSERT INTO `books` (`title`, `author`, `publisher`, `year`) VALUES ('The Torment of Others', 'Danilo Nicolas', 'Virgin Publishing', 2007)[0m
  [1m[36mTRANSACTION (1.3ms)[0m  [1m[35mCOMMIT[0m
  [1m[36mTRANSACTION (0.1ms)[0m  [1m[35mBEGIN[0m
  [1m[36mBook Create (0.4ms)[0m  [1m[32mINSERT INTO `books` (`title`, `author`, `publisher`, `year`) VALUES ('Consider Phlebas', 'Na Cummings', 'New Holland Publishers', 1999)[0m
  [1m[36mTRANSACTION (1.0ms)[0m  [1m[35mCOMMIT[0m
  [1m[36mTRANSACTION (0.1ms)[0m  [1m[35mBEGIN[0m
  [1m[36mBook Create (0.4ms)[0m  [1m[32mINSERT INTO `books` (`title`, `author`, `publisher`, `year`) VALUES ('The Way Through the Woods', 'Gertude Baumbach', 'Lion Hudson', 2000)[0m
  [1m[36mTRANSACTION (0.7ms)[0m  [1m[35mCOMMIT[0m
  [1m[36mTRANSACTION (0.1ms)[0m  [1m[35mBEGIN[0m
  [1m[36mBook Create (0.4ms)[0m  [1m[32mINSERT INTO `books` (`title`, `author`, `publisher`, `year`) VALUES ('Now Sleeps the Crimson Petal', 'Tammara Keebler Jr.', 'Dalkey Archive Press', 2018)[0m
  [1m[36mTRANSACTION (1.1ms)[0m  [1m[35mCOMMIT[0m
  [1m[36mTRANSACTION (0.1ms)[0m  [1m[35mBEGIN[0m
  [1m[36mBook Create (0.5ms)[0m  [1m[32mINSERT INTO `books` (`title`, `author`, `publisher`, `year`) VALUES ('Frequent Hearses', 'Gov. Lawrence Rempel', 'HMSO', 2012)[0m
  [1m[36mTRANSACTION (0.9ms)[0m  [1m[35mCOMMIT[0m
  [1m[36mTRANSACTION (0.1ms)[0m  [1m[35mBEGIN[0m
  [1m[36mBook Create (0.6ms)[0m  [1m[32mINSERT INTO `books` (`title`, `author`, `publisher`, `year`) VALUES ('The Last Enemy', 'Jenelle Bins', 'Hodder Headline', 2019)[0m
  [1m[36mTRANSACTION (1.6ms)[0m  [1m[35mCOMMIT[0m
Started GET "/api/v1/library" for ::1 at 2021-11-15 22:30:53 +0530
  [1m[35m (1.9ms)[0m  [1m[34mSELECT `schema_migrations`.`version` FROM `schema_migrations` ORDER BY `schema_migrations`.`version` ASC[0m
Processing by Api::V1::LibraryController#index as HTML
  [1m[36mBook Load (1.1ms)[0m  [1m[34mSELECT `books`.* FROM `books` ORDER BY id ASC[0m
  ↳ app/controllers/api/v1/library_controller.rb:6:in `index'
Completed 200 OK in 197ms (Views: 23.6ms | ActiveRecord: 15.2ms | Allocations: 9220)


Started GET "/api/v1/library/" for ::1 at 2021-11-16 15:22:48 +0530
  [1m[35m (36.4ms)[0m  [1m[34mSELECT `schema_migrations`.`version` FROM `schema_migrations` ORDER BY `schema_migrations`.`version` ASC[0m
Processing by Api::V1::LibraryController#index as */*
  [1m[36mBook Load (7.8ms)[0m  [1m[34mSELECT `books`.* FROM `books` ORDER BY id ASC[0m
  ↳ app/controllers/api/v1/library_controller.rb:6:in `index'
Completed 200 OK in 96ms (Views: 9.5ms | ActiveRecord: 18.9ms | Allocations: 8054)


Started GET "/api/v1/library/12" for ::1 at 2021-11-16 15:22:56 +0530
Processing by Api::V1::LibraryController#show as */*
  Parameters: {"id"=>"12"}
  [1m[36mBook Load (1.1ms)[0m  [1m[34mSELECT `books`.* FROM `books` WHERE `books`.`id` = 12 LIMIT 1[0m
  ↳ app/controllers/api/v1/library_controller.rb:9:in `show'
Completed 200 OK in 28ms (Views: 0.5ms | ActiveRecord: 1.1ms | Allocations: 1527)


Started POST "/api/v1/library" for ::1 at 2021-11-16 15:23:15 +0530
Processing by Api::V1::LibraryController#create as */*
  Parameters: {"title"=>"Web Programming", "author"=>"Suvidha KS", "publisher"=>"NITC", "year"=>"2021", "library"=>{"title"=>"Web Programming", "author"=>"Suvidha KS", "publisher"=>"NITC", "year"=>"2021"}}
[31mUnpermitted parameter: :library[0m
  [1m[36mTRANSACTION (0.3ms)[0m  [1m[35mBEGIN[0m
  ↳ app/controllers/api/v1/library_controller.rb:14:in `create'
  [1m[36mBook Create (2.2ms)[0m  [1m[32mINSERT INTO `books` (`title`, `author`, `publisher`, `year`) VALUES ('Web Programming', 'Suvidha KS', 'NITC', 2021)[0m
  ↳ app/controllers/api/v1/library_controller.rb:14:in `create'
  [1m[36mTRANSACTION (1.7ms)[0m  [1m[35mCOMMIT[0m
  ↳ app/controllers/api/v1/library_controller.rb:14:in `create'
Completed 200 OK in 13ms (Views: 0.3ms | ActiveRecord: 4.1ms | Allocations: 2143)


Started PUT "/api/v1/library/5" for ::1 at 2021-11-16 15:23:42 +0530
Processing by Api::V1::LibraryController#update as */*
  Parameters: {"year"=>"1995", "id"=>"5", "library"=>{"year"=>"1995"}}
  [1m[36mBook Load (0.4ms)[0m  [1m[34mSELECT `books`.* FROM `books` WHERE `books`.`id` = 5 LIMIT 1[0m
  ↳ app/controllers/api/v1/library_controller.rb:27:in `update'
[31mUnpermitted parameters: :id, :library[0m
  [1m[36mTRANSACTION (0.2ms)[0m  [1m[35mBEGIN[0m
  ↳ app/controllers/api/v1/library_controller.rb:28:in `update'
  [1m[36mBook Update (2.8ms)[0m  [1m[33mUPDATE `books` SET `books`.`year` = 1995 WHERE `books`.`id` = 5[0m
  ↳ app/controllers/api/v1/library_controller.rb:28:in `update'
  [1m[36mTRANSACTION (2.4ms)[0m  [1m[35mCOMMIT[0m
  ↳ app/controllers/api/v1/library_controller.rb:28:in `update'
Completed 200 OK in 16ms (Views: 0.6ms | ActiveRecord: 5.8ms | Allocations: 2507)


Started GET "/api/v1/library/" for ::1 at 2021-11-16 15:23:59 +0530
Processing by Api::V1::LibraryController#index as */*
  [1m[36mBook Load (0.9ms)[0m  [1m[34mSELECT `books`.* FROM `books` ORDER BY id ASC[0m
  ↳ app/controllers/api/v1/library_controller.rb:6:in `index'
Completed 200 OK in 7ms (Views: 4.6ms | ActiveRecord: 0.9ms | Allocations: 1920)


Started DELETE "/api/v1/library/18" for ::1 at 2021-11-16 15:24:09 +0530
Processing by Api::V1::LibraryController#destroy as */*
  Parameters: {"id"=>"18"}
  [1m[36mBook Load (0.4ms)[0m  [1m[34mSELECT `books`.* FROM `books` WHERE `books`.`id` = 18 LIMIT 1[0m
  ↳ app/controllers/api/v1/library_controller.rb:21:in `destroy'
  [1m[36mTRANSACTION (0.2ms)[0m  [1m[35mBEGIN[0m
  ↳ app/controllers/api/v1/library_controller.rb:22:in `destroy'
  [1m[36mBook Destroy (4.1ms)[0m  [1m[31mDELETE FROM `books` WHERE `books`.`id` = 18[0m
  ↳ app/controllers/api/v1/library_controller.rb:22:in `destroy'
  [1m[36mTRANSACTION (1.6ms)[0m  [1m[35mCOMMIT[0m
  ↳ app/controllers/api/v1/library_controller.rb:22:in `destroy'
Completed 200 OK in 14ms (Views: 0.3ms | ActiveRecord: 6.3ms | Allocations: 2122)


Started POST "/api/v1/library" for ::1 at 2021-11-16 15:28:52 +0530
Processing by Api::V1::LibraryController#create as */*
  Parameters: {"title"=>"Web Programming", "author"=>"Suvidha KS", "publisher"=>"NITC", "year"=>"2021", "library"=>{"title"=>"Web Programming", "author"=>"Suvidha KS", "publisher"=>"NITC", "year"=>"2021"}}
[31mUnpermitted parameter: :library[0m
  [1m[36mTRANSACTION (0.3ms)[0m  [1m[35mBEGIN[0m
  ↳ app/controllers/api/v1/library_controller.rb:14:in `create'
  [1m[36mBook Create (1.0ms)[0m  [1m[32mINSERT INTO `books` (`title`, `author`, `publisher`, `year`) VALUES ('Web Programming', 'Suvidha KS', 'NITC', 2021)[0m
  ↳ app/controllers/api/v1/library_controller.rb:14:in `create'
  [1m[36mTRANSACTION (2.7ms)[0m  [1m[35mCOMMIT[0m
  ↳ app/controllers/api/v1/library_controller.rb:14:in `create'
Completed 200 OK in 40ms (Views: 0.4ms | ActiveRecord: 20.8ms | Allocations: 5150)


Started GET "/api/v1/library/" for ::1 at 2021-11-16 15:28:57 +0530
Processing by Api::V1::LibraryController#index as */*
  [1m[36mBook Load (0.6ms)[0m  [1m[34mSELECT `books`.* FROM `books` ORDER BY id ASC[0m
  ↳ app/controllers/api/v1/library_controller.rb:6:in `index'
Completed 200 OK in 7ms (Views: 5.6ms | ActiveRecord: 0.6ms | Allocations: 1935)


